BadAccessTest.ChannelReadHandle                                                                     FAILED
BadAccessTest.InvalidMappedAddressFails                                                             FAILED
BadAccessTest.KernelMappedAddressChannelWriteFails                                                  FAILED
BadAccessTest.NormalMappedAddressChannelWriteSucceeds                                               PARTIAL
BadAccessTest.PciCfgPioRw                                                                           FAILED
BadAccessTest.SyscallNumTest                                                                        FAILED
Bti.Clone                                                                                           OK
Bti.Create                                                                                          OK
Bti.DecommitRace                                                                                    TIMEOUT
Bti.GetInfoTest                                                                                     OK
Bti.NoDelayedUnpin                                                                                  FAILED
Bti.Pin                                                                                             OK
Bti.PinContigFlag                                                                                   OK
Bti.PinContiguous                                                                                   OK
Bti.Resize                                                                                          OK
C11MutexTest.InitalizeLocalMutex                                                                    OK
C11MutexTest.MultiThreadedContention                                                                PARTIAL
C11MutexTest.StaticInitalizerSameBytesAsAuto                                                        OK
C11MutexTest.TimeoutElapsed                                                                         OK
C11MutexTest.TryMutexMultiThreadedContention                                                        OK
C11ThreadTest.CreateAndVerifyThreadHandle                                                           OK
C11ThreadTest.DetachedThreadKeepsRunning                                                            OK
C11ThreadTest.LongNameSucceeds                                                                      OK
C11ThreadTest.NullNameThreadShouldSucceed                                                           OK
C11ThreadTest.SelfDetachAndFree                                                                     PARTIAL
C11ThreadTest.ThreadLocalErrno                                                                      OK
ChannelInternalTest.CallFinishWithoutPreviouslyCallingCallReturnsBadState                           FAILED
ChannelInternalTest.TransferChannelWithPendingCallInSourceProcess                                   OK
ChannelTest.CallBytesFitIsOk                                                                        OK
ChannelTest.CallConsumesHandlesOnError                                                              OK
ChannelTest.CallConsumesHandlesOnSuccess                                                            OK
ChannelTest.CallDeadlineExceededReturnsTimedOut                                                     OK
ChannelTest.CallHandleAndBytesFitsIsOk                                                              OK
ChannelTest.CallHandlesFitIsOk                                                                      OK
ChannelTest.CallNotifiedOnPeerClosed                                                                OK
ChannelTest.CallNullptrNumBytesIsInvalidArgs                                                        OK
ChannelTest.CallNullptrNumHandlesInvalidArgs                                                        OK
ChannelTest.CallPendingTransactionsUseDifferentIds                                                  FAILED
ChannelTest.CallResponseBiggerThanRdNumBytesReturnsBufferTooSmall                                   OK
ChannelTest.CallResponseBiggerThanRdNumHandlesReturnsBufferTooSmall                                 OK
ChannelTest.CallWrittenBytesSmallerThanZxTxIdReturnsInvalidArgs                                     OK
ChannelTest.CloseClearsSignalsWriteable                                                             OK
ChannelTest.CloseSignalsPeerClosed                                                                  OK
ChannelTest.CloseSignalsPeerReturnsPeerClosed                                                       OK
ChannelTest.ConcurrentReadsConsumeUniqueElements                                                    PARTIAL
ChannelTest.CreateIsOkAndEndpointsAreRelated                                                        OK
ChannelTest.IsWriteableByDefault                                                                    OK
ChannelTest.NestingIsOk                                                                             OK
ChannelTest.OnFlightHandlesSignalledWhenPeerIsClosed                                                OK
ChannelTest.ReadAndWriteWithMultipleSizes                                                           OK
ChannelTest.ReadEtcHandleInfoValidation                                                             OK
ChannelTest.ReadMayDiscardWithNullBufferDiscardHandlesReturnsBufferTooSmall                         OK
ChannelTest.ReadMayDiscardWithNullBufferDiscardsDataReturnsBufferTooSmall                           OK
ChannelTest.ReadMayDiscardWithNullBuffersReturnsBufferTooSmall                                      OK
ChannelTest.ReadMayDiscardWithSmallerBufferDiscardHandlesAndDateReturnsBufferTooSmall               OK
ChannelTest.ReadMayDiscardWithZeroSizeBuffersDiscardHandlesAndDataReturnsBufferTooSmall             OK
ChannelTest.ReadRemainingMessagesWhenPeerIsClosed                                                   OK
ChannelTest.ReadWhenEmptyAndClosedReturnsPeerClosed                                                 OK
ChannelTest.ReadWhenEmptyReturnsShouldWait                                                          OK
ChannelTest.WaitManyIsSignaledForBothWrites                                                         OK
ChannelTest.WaitManyIsSignaledOnAnyElementWrite                                                     OK
ChannelTest.WriteConsumesAllHandles                                                                 OK
ChannelTest.WriteNonTransferableHandleReturnsAccessDeniedAndClosesHandle                            OK
ChannelTest.WriteRepeatedHandlesReturnsBadHandlesAndClosesHandle                                    OK
ChannelTest.WriteSelfHandleReturnsNotSupported                                                      OK
ChannelTest.WriteToEndpointCausesOtherToBecomeReadable                                              OK
ChannelWriteEtcTest.ByteCountIsMaxPlusOneShouldFail                                                 OK
ChannelWriteEtcTest.ByteCountIsMaxShouldSucceed                                                     OK
ChannelWriteEtcTest.ChannelHandleInTransferredHandlesShouldFail                                     OK
ChannelWriteEtcTest.ChannelHandleNotValidShouldFail                                                 OK
ChannelWriteEtcTest.ChannelHandleWithoutWriteRightShouldFail                                        OK
ChannelWriteEtcTest.DuplicateHandlesInTransferredHandlesShouldSucceed                               OK
ChannelWriteEtcTest.FailureDoesNotResultInReceivedPacket                                            OK
ChannelWriteEtcTest.HandleArgNotAChannelHandleShouldFail                                            OK
ChannelWriteEtcTest.HandleCountAndDataCountBothZeroShouldSucceed                                    OK
ChannelWriteEtcTest.HandleCountBoundaryChecks                                                       OK
ChannelWriteEtcTest.HandleDoesNotMatchTypeShouldFail                                                OK
ChannelWriteEtcTest.HandleWithoutDuplicateRightsMoveOpSucceedsDuplicateOpFails                      OK
ChannelWriteEtcTest.HandleWithoutTransferRightShouldFail                                            OK
ChannelWriteEtcTest.ImproperlyInitalizedResultsArgReportedBackAsOriginallyInitalized                OK
ChannelWriteEtcTest.InvalidHandleInTransferredHandlesShouldFail                                     OK
ChannelWriteEtcTest.InvalidOpArgShouldFail                                                          OK
ChannelWriteEtcTest.MaximumNumberHandlesWithZeroCountArrayArgShouldSucceed                          OK
ChannelWriteEtcTest.MultipleHandlesSomeInvalidResultsReportedCorrectly                              OK
ChannelWriteEtcTest.NullptrArgWhenSizeNonZeroShouldFail                                             OK
ChannelWriteEtcTest.OppositeChannelEndClosedShouldFail                                              OK
ChannelWriteEtcTest.OptionsArgNonZeroShouldFail                                                     OK
ChannelWriteEtcTest.RemoveAllHandleRightsShouldSucceed                                              OK
ChannelWriteEtcTest.RemovingSomeHandleRightsShouldSucceed                                           OK
ChannelWriteEtcTest.RepeatedHandlesWithOpMoveHandlesShouldFail                                      OK
ChannelWriteEtcTest.SameHandleRightsBitsShouldSucceed                                               OK
ChannelWriteEtcTest.SameHandleRightsFlagShouldSucceed                                               OK
ChannelWriteEtcTest.SentHandleReferrsToSameObject                                                   OK
ClockTest.ClockMonotonic                                                                            OK
ClockTest.DeadlineAfter                                                                             OK
ConditionalVariableTest.BroadcastSignalThreadWait                                                   OK
ConditionalVariableTest.ConditionalVariablesTimeout                                                 OK
ConditionalVariableTest.SignalThreadWait                                                            OK
CppThreadTest.CreateAndVerifyThreadHandle                                                           OK
CpuMaskProfile.ApplyProfile                                                                         FAILED
CpuMaskProfile.EmptyMaskIsValid                                                                     FAILED
DebugLogTest.WriteRead                                                                              OK
DefaultExceptionHandlerTest.UnhandledHardwareException                                              FAILED
DefaultExceptionHandlerTest.UnhandledPolicyException                                                FAILED
EventPairTest.CheckNoFlagsSupported                                                                 OK
EventPairTest.HandleRightsAreCorrect                                                                OK
EventPairTest.HandlesNotInvalid                                                                     OK
EventPairTest.KoidsAreCorrect                                                                       OK
EventPairTest.SignalEventPairAndClearVerifySignals                                                  OK
EventPairTest.SignalPeerAndVerifyRecived                                                            OK
EventPairTest.SignalPeerThenCloseAndVerifySignalReceived                                            OK
EventPairTest.SignalingClosedPeerReturnsPeerClosed                                                  OK
ExecutableTlsTest.AlignmentInitializerInThread                                                      OK
ExecutableTlsTest.AlignmentInitializierInMain                                                       OK
ExecutableTlsTest.ArrayInitializerInMain                                                            OK
ExecutableTlsTest.ArrayInitializerInThread                                                          OK
ExecutableTlsTest.ArrayInitializerSpamThread                                                        PARTIAL
ExecutableTlsTest.ArrayInitializierSpamMain                                                         OK
ExecutableTlsTest.BasicInitalizersInMain                                                            OK
ExecutableTlsTest.BasicInitalizersInThread                                                          OK
ExecutableTlsTest.BigArrayInitializerInMain                                                         OK
ExecutableTlsTest.BigArrayInitializerInThread                                                       OK
ExecutableTlsTest.StructureInitalizierInMain                                                        OK
ExecutableTlsTest.StructureInitializerInThread                                                      OK
FPUTest.LongComputeLoop                                                                             OK
FifoTest.DequeueSignalsWriteable                                                                    OK
FifoTest.EmptyQueueReturnsErrShouldWait                                                             OK
FifoTest.EndpointCloseSignalsPeerClosed                                                             OK
FifoTest.EndpointsAreRelated                                                                        OK
FifoTest.FifoOrderIsPreserved                                                                       OK
FifoTest.IndividualReadsPreserveOrder                                                               OK
FifoTest.InvalidParametersReturnOutOfRange                                                          OK
FifoTest.PartialWriteQueuesElementsThatFit                                                          OK
FifoTest.ReadAndWriteValidatesSizeAndElementCount                                                   OK
FutexTest.EventSignaling                                                                            PARTIAL
FutexTest.MisalignedFutextAddr                                                                      OK
FutexTest.Requeue                                                                                   OK
FutexTest.RequeueSameAddr                                                                           OK
FutexTest.RequeueUnqueuedOnTimeout                                                                  FAILED
FutexTest.RequeueValueMismatch                                                                      OK
FutexTest.ThreadSuspended                                                                           FAILED
FutexTest.WaitBadAddress                                                                            OK
FutexTest.WaitTimeout                                                                               OK
FutexTest.WaitTimeoutElapsed                                                                        FAILED
FutexTest.WaitValueMismatch                                                                         OK
FutexTest.Wakeup                                                                                    FAILED
FutexTest.WakeupAddress                                                                             FAILED
FutexTest.WakeupLimit                                                                               PARTIAL
HandleCloseTest.Many                                                                                OK
HandleCloseTest.ManyDuplicateTest                                                                   FAILED
HandleCloseTest.ManyInvalidHandlesShouldNotFail                                                     OK
HandleDup.Duplicate                                                                                 OK
HandleDup.Replace                                                                                   OK
HandleDup.ReplaceFailureBothInvalid                                                                 OK
HandleDup.ReplaceSuccessOrigInvalid                                                                 OK
HandleInfoTest.DupAndInfoRights                                                                     OK
HandleInfoTest.DuplicateRights                                                                      OK
HandleInfoTest.RelatedKoid                                                                          OK
HandleInfoTest.ReplaceRights                                                                        OK
HandleTransferTest.CancelsWait                                                                      PARTIAL
HandleTransferTest.OverChannelThenRead                                                              OK
HandleWaitTest.HandleWaitMultipleThreads                                                            PARTIAL
HandleWaitTest.HandleWaitTest                                                                       OK
InterruptTest.BindPort                                                                              OK
InterruptTest.BindTriggeredIrqToPort                                                                TIMEOUT
InterruptTest.NonBindablePort                                                                       OK
InterruptTest.NullOutputTimestamp                                                                   OK
InterruptTest.UnBindPort                                                                            OK
InterruptTest.UnableToBindVirtualInterruptToVcpu                                                    FAILED
InterruptTest.VirtualInterrupts                                                                     OK
InterruptTest.WaitThreadFunctionsAfterSuspendResume                                                 OK
JobGetInfoTest.InfoHandleBasicBadActualgIsInvalidArg                                                OK
JobGetInfoTest.InfoHandleBasicBadAvailIsInvalidArg                                                  OK
JobGetInfoTest.InfoHandleBasicInvalidBufferPointerFails                                             OK
JobGetInfoTest.InfoHandleBasicInvalidHandleFails                                                    OK
JobGetInfoTest.InfoHandleBasicNullActualAndAvailSucceeds                                            OK
JobGetInfoTest.InfoHandleBasicNullActualSucceeds                                                    OK
JobGetInfoTest.InfoHandleBasicNullAvailSucceeds                                                     OK
JobGetInfoTest.InfoHandleBasicOnSelfSuceeds                                                         OK
JobGetInfoTest.InfoHandleBasicZeroSizedBufferFails                                                  FAILED
JobGetInfoTest.InfoJobChildJobsGetChild                                                             OK
JobGetInfoTest.InfoJobChildrenBadActualgIsInvalidArg                                                FAILED
JobGetInfoTest.InfoJobChildrenBadAvailIsInvalidArg                                                  FAILED
JobGetInfoTest.InfoJobChildrenInvalidBufferPointerFails                                             FAILED
JobGetInfoTest.InfoJobChildrenInvalidHandleFails                                                    OK
JobGetInfoTest.InfoJobChildrenJobHandleIsBadHandle                                                  OK
JobGetInfoTest.InfoJobChildrenNullActualAndAvailSucceeds                                            FAILED
JobGetInfoTest.InfoJobChildrenNullActualSucceeds                                                    FAILED
JobGetInfoTest.InfoJobChildrenNullAvailSucceeds                                                     FAILED
JobGetInfoTest.InfoJobChildrenOnSelfSuceeds                                                         OK
JobGetInfoTest.InfoJobChildrenPartiallyUnmappedBufferIsInvalidArgs                                  FAILED
JobGetInfoTest.InfoJobChildrenRequiresEnumerateRights                                               OK
JobGetInfoTest.InfoJobChildrenSmallBufferIsOk                                                       OK
JobGetInfoTest.InfoJobChildrenThreadHandleIsBadHandle                                               OK
JobGetInfoTest.InfoJobChildrenZeroSizedBufferIsOk                                                   OK
JobGetInfoTest.InfoJobProcessesBadActualgIsInvalidArg                                               FAILED
JobGetInfoTest.InfoJobProcessesBadAvailIsInvalidArg                                                 FAILED
JobGetInfoTest.InfoJobProcessesGetChild                                                             OK
JobGetInfoTest.InfoJobProcessesInvalidBufferPointerFails                                            FAILED
JobGetInfoTest.InfoJobProcessesInvalidHandleFails                                                   OK
JobGetInfoTest.InfoJobProcessesNullActualAndAvailSucceeds                                           FAILED
JobGetInfoTest.InfoJobProcessesNullActualSucceeds                                                   FAILED
JobGetInfoTest.InfoJobProcessesNullAvailSucceeds                                                    FAILED
JobGetInfoTest.InfoJobProcessesOnSelfSuceeds                                                        OK
JobGetInfoTest.InfoJobProcessesPartiallyUnmappedBufferIsInvalidArgs                                 FAILED
JobGetInfoTest.InfoJobProcessesProcessbHandleIsBadHandle                                            OK
JobGetInfoTest.InfoJobProcessesRequiresEnumerateRights                                              OK
JobGetInfoTest.InfoJobProcessesSmallBufferIsOk                                                      OK
JobGetInfoTest.InfoJobProcessesThreadHandleIsBadHandle                                              OK
JobGetInfoTest.InfoJobProcessesZeroSizedBufferIsOk                                                  OK
JobTest.BasicTest                                                                                   OK
JobTest.CloseJobRemovesFromTree                                                                     FAILED
JobTest.CreateMissingRightsTest                                                                     OK
JobTest.CreateTest                                                                                  OK
JobTest.CriticalProcessAlreadySet                                                                   FAILED
JobTest.CriticalProcessNotInAncestor                                                                OK
JobTest.GetRuntimeTest                                                                              FAILED
JobTest.InfoTaskStatsFails                                                                          OK
JobTest.JobSignals                                                                                  FAILED
JobTest.KillJobChain                                                                                FAILED
JobTest.KillJobNoChildTest                                                                          OK
JobTest.KillJobRemovesFromTree                                                                      FAILED
JobTest.KillTest                                                                                    FAILED
JobTest.ManyCriticalProcessesKillOneJob                                                             FAILED
JobTest.MaxHeightSmoke                                                                              FAILED
JobTest.OneCriticalProcessKillsJobTree                                                              FAILED
JobTest.OneCriticalProcessKillsOneJob                                                               FAILED
JobTest.OneCriticalProcessKillsOneJobIfRetcodeNonzero                                               TIMEOUT
JobTest.PolicyBasicOverrideAllowTest                                                                OK
JobTest.PolicyBasicOverrideDenyTest                                                                 FAILED
JobTest.PolicyInvalidTopicTest                                                                      OK
JobTest.PolicyTimerSlackInvalidCountTest                                                            OK
JobTest.PolicyTimerSlackInvalidOptionsTest                                                          OK
JobTest.PolicyTimerSlackInvalidPolicyTest                                                           FAILED
JobTest.PolicyTimerSlackNonEmptyTest                                                                OK
JobTest.PolicyTimerSlackValid                                                                       OK
JobTest.SetJobOomKillBit                                                                            FAILED
JobTest.WaitTest                                                                                    TIMEOUT
MemoryMappingTest.AddressSpaceLimitsTest                                                            FAILED
MemoryMappingTest.MmapFlagsTest                                                                     OK
MemoryMappingTest.MmapLenTest                                                                       OK
MemoryMappingTest.MmapOffsetTest                                                                    OK
MemoryMappingTest.MmapProtExecTest                                                                  FAILED
MemoryMappingTest.MmapProtTest                                                                      OK
MemoryMappingTest.MmapZerofilledTest                                                                OK
MemoryMappingTest.MprotectTest                                                                      FAILED
MsiTest.AllocateSyscall                                                                             FAILED
MsiTest.CreateSyscallArgs                                                                           FAILED
MsiTest.Msi                                                                                         FAILED
ObjectChildTest.InvalidHandleReturnsBadHandle                                                       OK
ObjectGetInfoTest.ClosedValidHandleFails                                                            OK
ObjectGetInfoTest.HandleCountCorrectness                                                            OK
ObjectGetInfoTest.InvalidHandleFails                                                                OK
ObjectGetInfoTest.OpenValidHandleSuceeds                                                            OK
ObjectWaitManyTest.InvalidHandle                                                                    OK
ObjectWaitManyTest.TooManyObjects                                                                   OK
ObjectWaitManyTest.TransientSignalsNotReturned                                                      OK
ObjectWaitManyTest.WaitForEventsSignaled                                                            OK
ObjectWaitManyTest.WaitForEventsThenSignal                                                          OK
ObjectWaitOneTest.EmptySignalSet                                                                    OK
ObjectWaitOneTest.TransientSignalsNotReturned                                                       OK
ObjectWaitOneTest.WaitForEventSignaled                                                              OK
ObjectWaitOneTest.WaitForEventThenSignal                                                            OK
ObjectWaitOneTest.WaitForEventTimeout                                                               OK
ObjectWaitOneTest.WaitForEventTimeoutPreSignalClear                                                 OK
PThreadBarrierTest.InitWithNoThreadsReturnsInval                                                    OK
PThreadBarrierTest.SingleThreadWinsBarrierObject                                                    OK
PThreadBarrierTest.SingleThreadWinsBarrierObjectResetsBetweenIterations                             PARTIAL
Pager.BulkOddLengthSupplyTest_vmar                                                                  FAILED
Pager.BulkOddLengthSupplyTest_vmo                                                                   FAILED
Pager.BulkOddOffsetSupplyTest_vmar                                                                  FAILED
Pager.BulkOddOffsetSupplyTest_vmo                                                                   FAILED
Pager.BulkSingleSupplyTest_vmar                                                                     FAILED
Pager.BulkSingleSupplyTest_vmo                                                                      FAILED
Pager.CleanThreadKill                                                                               FAILED
Pager.CloneCommitTest                                                                               FAILED
Pager.CloneDetachTest                                                                               FAILED
Pager.CloneReadFromCloneTest_vmar                                                                   FAILED
Pager.CloneReadFromCloneTest_vmo                                                                    FAILED
Pager.CloneReadFromParentTest_vmar                                                                  FAILED
Pager.CloneReadFromParentTest_vmo                                                                   FAILED
Pager.CloneResizeCloneHazard                                                                        FAILED
Pager.CloneResizeParentOK                                                                           FAILED
Pager.CloneShrinkGrowParent                                                                         FAILED
Pager.CloneSimultaneousChildReadTest_vmar                                                           FAILED
Pager.CloneSimultaneousChildReadTest_vmo                                                            FAILED
Pager.CloneSimultaneousReadTest_vmar                                                                FAILED
Pager.CloneSimultaneousReadTest_vmo                                                                 FAILED
Pager.CloneSplitCommitTest                                                                          FAILED
Pager.CloneWriteToCloneTest_vmar                                                                    FAILED
Pager.CloneWriteToCloneTest_vmo                                                                     FAILED
Pager.ClosePageCompleteTest                                                                         FAILED
Pager.ClosePagerTest                                                                                FAILED
Pager.ClosePortTest                                                                                 FAILED
Pager.CommitRedundantSupplyTest                                                                     FAILED
Pager.ConcurrentMultipageAccessTest_vmar                                                            FAILED
Pager.ConcurrentMultipageAccessTest_vmo                                                             FAILED
Pager.ConcurrentOverlappingAccessTest_vmar                                                          FAILED
Pager.ConcurrentOverlappingAccessTest_vmo                                                           FAILED
Pager.DecommitTest                                                                                  FAILED
Pager.DetachClosePagerTest                                                                          FAILED
Pager.DetachPageCompleteTest                                                                        FAILED
Pager.EarlySupplyTest_vmar                                                                          FAILED
Pager.EarlySupplyTest_vmo                                                                           FAILED
Pager.FailAfterDetach                                                                               FAILED
Pager.FailErrorCode                                                                                 FAILED
Pager.FailExactRange                                                                                FAILED
Pager.FailMultipleCommits                                                                           FAILED
Pager.FailMultipleVmos                                                                              FAILED
Pager.FailOverlappingRange                                                                          FAILED
Pager.FailRedundant                                                                                 FAILED
Pager.FailSinglePage_vmar                                                                           FAILED
Pager.FailSinglePage_vmo                                                                            FAILED
Pager.InvalidPagerCreate                                                                            FAILED
Pager.InvalidPagerCreateVmo                                                                         FAILED
Pager.InvalidPagerDetachVmo                                                                         FAILED
Pager.InvalidPagerOpRange                                                                           FAILED
Pager.InvalidPagerSupplyPages                                                                       FAILED
Pager.ManyRequestTest_vmar                                                                          FAILED
Pager.ManyRequestTest_vmo                                                                           FAILED
Pager.MulticommitSupplyTest                                                                         FAILED
Pager.MultipleConcurrentVmoTest                                                                     FAILED
Pager.MultisupplyCommitTest                                                                         FAILED
Pager.OverlapCommitSupplyTest                                                                       FAILED
Pager.OverlapCommitTest                                                                             FAILED
Pager.OverlapSupplyTest_vmar                                                                        FAILED
Pager.OverlapSupplyTest_vmo                                                                         FAILED
Pager.PresupplyTest_vmar                                                                            FAILED
Pager.PresupplyTest_vmo                                                                             FAILED
Pager.ReadCloseInterruptEarlyTest_vmar                                                              FAILED
Pager.ReadCloseInterruptEarlyTest_vmo                                                               FAILED
Pager.ReadCloseInterruptLateTest_vmar                                                               FAILED
Pager.ReadCloseInterruptLateTest_vmo                                                                FAILED
Pager.ReadDetachInterruptEarlyTest_vmar                                                             FAILED
Pager.ReadDetachInterruptEarlyTest_vmo                                                              FAILED
Pager.ReadDetachInterruptLateTest_vmar                                                              FAILED
Pager.ReadDetachInterruptLateTest_vmo                                                               FAILED
Pager.ReadResizeTest_vmar                                                                           FAILED
Pager.ReadResizeTest_vmo                                                                            FAILED
Pager.ResizeCommitTest                                                                              FAILED
Pager.ResizeNonresizableVmo                                                                         FAILED
Pager.SequentialMultipageTest_vmar                                                                  FAILED
Pager.SequentialMultipageTest_vmo                                                                   FAILED
Pager.SimpleCommitTest                                                                              FAILED
Pager.SinglePageTest_vmar                                                                           FAILED
Pager.SinglePageTest_vmo                                                                            FAILED
Pager.SplitCommitTest                                                                               FAILED
Pager.SuccessiveVmoTest                                                                             FAILED
Pager.SupplyAfterFail                                                                               FAILED
Pager.SuspendCommitTest                                                                             FAILED
Pager.SuspendReadTest_vmar                                                                          FAILED
Pager.SuspendReadTest_vmo                                                                           FAILED
Pager.UncommittedSinglePageTest_vmar                                                                FAILED
Pager.UncommittedSinglePageTest_vmo                                                                 FAILED
Pager.UncommittedSupply                                                                             FAILED
Pager.VmarMapRangeTest                                                                              FAILED
Pager.VmarRemapTest                                                                                 FAILED
Pager.VmarUnmapTest                                                                                 FAILED
Pager.VmoInfoPagerTest                                                                              FAILED
Pager.WritingZeroFork                                                                               FAILED
PortStressTest.CloseWaitRace                                                                        OK
PortStressTest.SignalCloseWait                                                                      FAILED
PortStressTest.WaitSignalCancel                                                                     TIMEOUT
PortTest.AsyncWaitChannel                                                                           OK
PortTest.AsyncWaitChannelTimedOut                                                                   OK
PortTest.AsyncWaitCloseOrder                                                                        OK
PortTest.AsyncWaitEventManyAllProcessed                                                             OK
PortTest.AsyncWaitEventRepeat                                                                       OK
PortTest.AsyncWaitInvalidOption                                                                     TIMEOUT
PortTest.CancelEventKey                                                                             FAILED
PortTest.CancelEventKeyAfter                                                                        FAILED
PortTest.ChannelAsyncWaitOnExistingStateIsNotified                                                  OK
PortTest.CloseQueueRace                                                                             OK
PortTest.EventAsyncSignalWaitSingle                                                                 FAILED
PortTest.PortTimeout                                                                                OK
PortTest.QueueAndClose                                                                              OK
PortTest.QueueNullPtrReturnsInvalidArgs                                                             OK
PortTest.QueueTooMany                                                                               OK
PortTest.QueueWaitVerifyUserPacket                                                                  OK
PortTest.ThreadEvents                                                                               PARTIAL
PortTest.Timestamp                                                                                  TIMEOUT
ProcessDebugTest.ReadMemoryAtInvalidOffsetReturnsErrorNoMemory                                      OK
ProcessDebugTest.ReadMemoryAtOffsetIsOk                                                             OK
ProcessDebugTest.WriteAtInvalidOffsetReturnsErrorNoMemory                                           OK
ProcessDebugTest.WriteMemoryAtOffsetIsOk                                                            OK
ProcessDebugUtilsTest.XorShiftIsOk                                                                  OK
ProcessDebugVDSO.WriteToVdsoAddressReturnsAccessDenied                                              FAILED
ProcessGetInfoTest.InfoHandleBasicBadActualgIsInvalidArg                                            OK
ProcessGetInfoTest.InfoHandleBasicBadAvailIsInvalidArg                                              OK
ProcessGetInfoTest.InfoHandleBasicInvalidBufferPointerFails                                         OK
ProcessGetInfoTest.InfoHandleBasicInvalidHandleFails                                                OK
ProcessGetInfoTest.InfoHandleBasicNullActualAndAvailSucceeds                                        OK
ProcessGetInfoTest.InfoHandleBasicNullActualSucceeds                                                OK
ProcessGetInfoTest.InfoHandleBasicNullAvailSucceeds                                                 OK
ProcessGetInfoTest.InfoHandleBasicOnSelfSuceeds                                                     OK
ProcessGetInfoTest.InfoHandleBasicZeroSizedFails                                                    FAILED
ProcessGetInfoTest.InfoProcessBadActualgIsInvalidArg                                                OK
ProcessGetInfoTest.InfoProcessBadAvailIsInvalidArg                                                  OK
ProcessGetInfoTest.InfoProcessHandleStats                                                           FAILED
ProcessGetInfoTest.InfoProcessHandleTable                                                           FAILED
ProcessGetInfoTest.InfoProcessHandleTableEmpty                                                      FAILED
ProcessGetInfoTest.InfoProcessHandleTableInsufficientRights                                         FAILED
ProcessGetInfoTest.InfoProcessHandleTableInvalidBufferPointerFails                                  FAILED
ProcessGetInfoTest.InfoProcessHandleTableInvalidHandleFails                                         FAILED
ProcessGetInfoTest.InfoProcessHandleTableNullActualAvailSuceeds                                     FAILED
ProcessGetInfoTest.InfoProcessHandleTableNullAvailSuceeds                                           FAILED
ProcessGetInfoTest.InfoProcessHandleTableSelf                                                       FAILED
ProcessGetInfoTest.InfoProcessInvalidBufferPointerFails                                             PARTIAL
ProcessGetInfoTest.InfoProcessInvalidHandleFails                                                    OK
ProcessGetInfoTest.InfoProcessJobHandleIsBadHandle                                                  OK
ProcessGetInfoTest.InfoProcessMapsBadActualgIsInvalidArg                                            FAILED
ProcessGetInfoTest.InfoProcessMapsBadAvailIsInvalidArg                                              FAILED
ProcessGetInfoTest.InfoProcessMapsInvalidBufferPointerFails                                         FAILED
ProcessGetInfoTest.InfoProcessMapsInvalidHandleFails                                                FAILED
ProcessGetInfoTest.InfoProcessMapsJobHandleIsBadHandle                                              FAILED
ProcessGetInfoTest.InfoProcessMapsNullActualAndAvailSucceeds                                        FAILED
ProcessGetInfoTest.InfoProcessMapsNullActualSucceeds                                                FAILED
ProcessGetInfoTest.InfoProcessMapsNullAvailSucceeds                                                 FAILED
ProcessGetInfoTest.InfoProcessMapsOnSelfFails                                                       FAILED
ProcessGetInfoTest.InfoProcessMapsPartiallyUnmappedBufferIsInvalidArgs                              FAILED
ProcessGetInfoTest.InfoProcessMapsRequiresInspectRights                                             FAILED
ProcessGetInfoTest.InfoProcessMapsSmallBufferIsOk                                                   FAILED
ProcessGetInfoTest.InfoProcessMapsSmokeTest                                                         FAILED
ProcessGetInfoTest.InfoProcessMapsThreadHandleIsBadHandle                                           FAILED
ProcessGetInfoTest.InfoProcessMapsUnstartedSuceeds                                                  FAILED
ProcessGetInfoTest.InfoProcessMapsZeroSizedBufferIsOk                                               FAILED
ProcessGetInfoTest.InfoProcessNullActualAndAvailSucceeds                                            OK
ProcessGetInfoTest.InfoProcessNullActualSucceeds                                                    OK
ProcessGetInfoTest.InfoProcessNullAvailSucceeds                                                     OK
ProcessGetInfoTest.InfoProcessOnSelfSuceeds                                                         PARTIAL
ProcessGetInfoTest.InfoProcessThreadHandleIsBadHandle                                               OK
ProcessGetInfoTest.InfoProcessThreadsBadActualgIsInvalidArg                                         FAILED
ProcessGetInfoTest.InfoProcessThreadsBadAvailIsInvalidArg                                           FAILED
ProcessGetInfoTest.InfoProcessThreadsInvalidBufferPointerFails                                      FAILED
ProcessGetInfoTest.InfoProcessThreadsInvalidHandleFails                                             OK
ProcessGetInfoTest.InfoProcessThreadsNullActualAndAvailSucceeds                                     FAILED
ProcessGetInfoTest.InfoProcessThreadsNullActualSucceeds                                             FAILED
ProcessGetInfoTest.InfoProcessThreadsNullAvailSucceeds                                              FAILED
ProcessGetInfoTest.InfoProcessThreadsSelfSuceeds                                                    OK
ProcessGetInfoTest.InfoProcessThreadsZeroSizedBufferSucceeds                                        OK
ProcessGetInfoTest.InfoProcessVmosBadActualgIsInvalidArg                                            FAILED
ProcessGetInfoTest.InfoProcessVmosBadAvailIsInvalidArg                                              FAILED
ProcessGetInfoTest.InfoProcessVmosInvalidBufferPointerFails                                         FAILED
ProcessGetInfoTest.InfoProcessVmosInvalidHandleFails                                                FAILED
ProcessGetInfoTest.InfoProcessVmosJobHandleIsBadHandle                                              FAILED
ProcessGetInfoTest.InfoProcessVmosNullActualAndAvailSucceeds                                        FAILED
ProcessGetInfoTest.InfoProcessVmosNullActualSucceeds                                                FAILED
ProcessGetInfoTest.InfoProcessVmosNullAvailSucceeds                                                 FAILED
ProcessGetInfoTest.InfoProcessVmosOnSelfFails                                                       OK
ProcessGetInfoTest.InfoProcessVmosPartiallyUnmappedBufferIsInvalidArgs                              FAILED
ProcessGetInfoTest.InfoProcessVmosRequiresInspectRights                                             FAILED
ProcessGetInfoTest.InfoProcessVmosSmallBufferIsOk                                                   FAILED
ProcessGetInfoTest.InfoProcessVmosSmokeTest                                                         FAILED
ProcessGetInfoTest.InfoProcessVmosThreadHandleIsBadHandle                                           FAILED
ProcessGetInfoTest.InfoProcessVmosZeroSizedBufferIsOk                                               FAILED
ProcessGetInfoTest.InfoProcessZeroSizedBufferFails                                                  FAILED
ProcessTest.CreateAndKillJobRaceStress                                                              FAILED
ProcessTest.EmptyNameSucceeds                                                                       OK
ProcessTest.ForbidDestroyRootVmar                                                                   FAILED
ProcessTest.GetRuntimeNoPermission                                                                  FAILED
ProcessTest.GetTaskRuntime                                                                          FAILED
ProcessTest.InfoReflectsProcessState                                                                FAILED
ProcessTest.KillChannelHandleCycle                                                                  OK
ProcessTest.KillProcessViaThreadKill                                                                OK
ProcessTest.LongNameSucceeds                                                                        OK
ProcessTest.MiniProcessSanity                                                                       OK
ProcessTest.ProcessHwTraceContextIdProperty                                                         FAILED
ProcessTest.ProcessNotKilledViaProcessClose                                                         OK
ProcessTest.ProcessNotKilledViaThreadClose                                                          OK
ProcessTest.ProcessStartFail                                                                        OK
ProcessTest.ProcessStartNoHandle                                                                    FAILED
ProcessTest.ProcessStartWriteThreadState                                                            FAILED
ProcessTest.ProcessWaitAsyncCancelSelf                                                              FAILED
ProcessTest.Suspend                                                                                 FAILED
ProcessTest.SuspendBeforeCreatingThreads                                                            FAILED
ProcessTest.SuspendBeforeStartingThreads                                                            FAILED
ProcessTest.SuspendMultipleThreads                                                                  FAILED
ProcessTest.SuspendProcessThenThread                                                                FAILED
ProcessTest.SuspendSelf                                                                             OK
ProcessTest.SuspendThreadAndProcessBeforeStartingProcess                                            FAILED
ProcessTest.SuspendThreadThenProcess                                                                FAILED
ProcessTest.SuspendTwice                                                                            FAILED
ProcessTest.SuspendTwiceBeforeCreatingThreads                                                       FAILED
ProcessTest.SuspendWithDyingThread                                                                  FAILED
ProfileTest.CreateProfileWithDefaultInitializedProfileInfoIsError                                   FAILED
ProfileTest.CreateProfileWithInvalidHandleIsBadHandle                                               FAILED
ProfileTest.CreateProfileWithMutuallyExclusiveFlagsIsInvalidArgs                                    FAILED
ProfileTest.CreateProfileWithNoProfileInfoIsInvalidArgs                                             FAILED
ProfileTest.CreateProfileWithNullProfileIsInvalidArgs                                               FAILED
ProgressiveCloneDiscardTests.ProgressiveCloneClose                                                  OK
ProgressiveCloneDiscardTests.ProgressiveCloneTruncate                                               OK
Pthread.Basic                                                                                       PARTIAL
Pthread.BigStackSize                                                                                OK
Pthread.GetstackMainThread                                                                          OK
Pthread.GetstackOtherThread                                                                         OK
Pthread.GetstackOtherThreadExplicitSize                                                             OK
Pthread.SelfMainThread                                                                              OK
PthreadTls.PthreadTls                                                                               PARTIAL
Resource.BasicActions                                                                               FAILED
Resource.CreateResourceSlice                                                                        FAILED
Resource.ExclusiveShared                                                                            FAILED
Resource.InvalidArgs                                                                                FAILED
Resource.Ioports                                                                                    FAILED
Resource.ProbeAddressSpace                                                                          OK
Resource.SharedExclusive                                                                            FAILED
Resource.VmoCreation                                                                                OK
Resource.VmoCreationSmaller                                                                         FAILED
Resource.VmoCreationUnaligned                                                                       FAILED
Resource.VmoReplaceAsExecutable                                                                     OK
SchedulerProfileTest.CreateProfileOnNonRootJobIsAccessDenied                                        FAILED
SchedulerProfileTest.CreateProfileWithDeadlineBelowCapacityIsInvalidArgs                            FAILED
SchedulerProfileTest.CreateProfileWithDeadlineIsOk                                                  FAILED
SchedulerProfileTest.CreateProfileWithDefaultPriorityIsOk                                           FAILED
SchedulerProfileTest.CreateProfileWithHighestPriorityIsOk                                           FAILED
SchedulerProfileTest.CreateProfileWithHihgPriorityIsOk                                              FAILED
SchedulerProfileTest.CreateProfileWithLowPriorityIsOk                                               FAILED
SchedulerProfileTest.CreateProfileWithLowestPriorityIsOk                                            FAILED
SchedulerProfileTest.CreateProfileWithNonZeroOptionsIsInvalidArgs                                   FAILED
SchedulerProfileTest.CreateProfileWithPeriodBelowDeadlineIsInvalidArgs                              FAILED
SchedulerProfileTest.CreateProfileWithPriorityBelowLowestIsInvalidArgs                              FAILED
SchedulerProfileTest.CreateProfileWithPriorityExceedingHighestIsInvalidArgs                         FAILED
SchedulerProfileTest.CreateProfileWithZeroCapacityIsInvalidArgs                                     FAILED
SchedulerProfileTest.SetThreadPriorityIsOk                                                          FAILED
SocketTest.BytesOutstanding                                                                         OK
SocketTest.Datagram                                                                                 OK
SocketTest.DatagramNoShortWrite                                                                     OK
SocketTest.DatagramPeek                                                                             OK
SocketTest.DatagramPeekEmpty                                                                        OK
SocketTest.EmptySocketShouldWait                                                                    OK
SocketTest.EndpointsAreRelated                                                                      OK
SocketTest.PeekingIntoEmpty                                                                         OK
SocketTest.PeekingLeavesData                                                                        OK
SocketTest.PeerClosedError                                                                          OK
SocketTest.PeerClosedSetProperty                                                                    OK
SocketTest.ReadIntoBadBuffer                                                                        FAILED
SocketTest.ReadIntoNullBuffer                                                                       OK
SocketTest.SetThreshholdsAndCheckSignals                                                            OK
SocketTest.SetThreshholdsProp                                                                       OK
SocketTest.ShortWrite                                                                               OK
SocketTest.ShutdownRead                                                                             OK
SocketTest.ShutdownReadBytesOutstanding                                                             OK
SocketTest.ShutdownWrite                                                                            OK
SocketTest.ShutdownWriteBytesOutstanding                                                            OK
SocketTest.SignalClosedPeer                                                                         OK
SocketTest.Signals                                                                                  OK
SocketTest.WriteFromBadBuffer                                                                       FAILED
SocketTest.WriteFromNullBuffer                                                                      OK
SocketTest.WriteReadDataVerify                                                                      OK
SocketTest.ZeroSize                                                                                 OK
StackTest.MainThreadStack                                                                           OK
StackTest.ThreadStack                                                                               OK
StreamTestCase.Append                                                                               OK
StreamTestCase.Create                                                                               OK
StreamTestCase.ExtendFillsWithZeros                                                                 OK
StreamTestCase.ReadV                                                                                OK
StreamTestCase.ReadVAt                                                                              OK
StreamTestCase.ReadVectorAlias                                                                      OK
StreamTestCase.Seek                                                                                 OK
StreamTestCase.WriteExtendsContentSize                                                              OK
StreamTestCase.WriteExtendsVMOSize                                                                  OK
StreamTestCase.WriteV                                                                               OK
StreamTestCase.WriteVAt                                                                             OK
SyncCompletionTest.Initializer                                                                      OK
SyncCompletionTest.MultiWait                                                                        OK
SyncCompletionTest.PresignalMultiWait                                                               OK
SyncCompletionTest.PresignalSingleWait                                                              OK
SyncCompletionTest.ResetCycleMultiWait                                                              OK
SyncCompletionTest.ResetCycleSingleWait                                                             OK
SyncCompletionTest.SignalRequeue                                                                    OK
SyncCompletionTest.SingleWait                                                                       OK
SyncCompletionTest.SpuriousWakeupHandled                                                            OK
SyncCompletionTest.TimeoutMultiWait                                                                 OK
SyncCompletionTest.TimeoutSingleWait                                                                OK
SyncCondition.ConditionTest                                                                         OK
SyncCondition.TimeoutTest                                                                           OK
SyncMutex.Mutexes                                                                                   PARTIAL
SyncMutex.NoRecursion                                                                               TIMEOUT
SyncMutex.TimeoutElapsed                                                                            FAILED
SyncMutex.TryMutexes                                                                                PARTIAL
SystemEvent.CannotSignalMempressureCriticalFromUserspace                                            TIMEOUT
SystemEvent.CannotSignalMempressureNormalFromUserspace                                              TIMEOUT
SystemEvent.CannotSignalMempressureWarningFromUserspace                                             TIMEOUT
SystemEvent.CannotSignalOomFromUserspace                                                            FAILED
SystemEvent.ExactlyOneMemoryEventSignaled                                                           TIMEOUT
SystemEvent.RetreiveMempressureWarning                                                              TIMEOUT
SystemEvent.RetrieveMempressureCritical                                                             TIMEOUT
SystemEvent.RetrieveMempressureNormal                                                               TIMEOUT
SystemEvent.RetrieveOom                                                                             TIMEOUT
TaskGetInfoTest.InfoStatsSmokeTest                                                                  OK
TaskGetInfoTest.InfoStatsUnstartedSuceeds                                                           OK
TaskGetInfoTest.InfoTaskRuntimeInvalidHandle                                                        FAILED
TaskGetInfoTest.InfoTaskRuntimeWrongType                                                            OK
TaskGetInfoTest.InfoTaskStatsBadActualgIsInvalidArg                                                 OK
TaskGetInfoTest.InfoTaskStatsBadAvailIsInvalidArg                                                   OK
TaskGetInfoTest.InfoTaskStatsInvalidBufferPointerFails                                              OK
TaskGetInfoTest.InfoTaskStatsInvalidHandleFails                                                     OK
TaskGetInfoTest.InfoTaskStatsJobHandleIsBadHandle                                                   OK
TaskGetInfoTest.InfoTaskStatsNullActualAndAvailSucceeds                                             OK
TaskGetInfoTest.InfoTaskStatsNullActualSucceeds                                                     OK
TaskGetInfoTest.InfoTaskStatsNullAvailSucceeds                                                      OK
TaskGetInfoTest.InfoTaskStatsThreadHandleIsBadHandle                                                OK
TaskGetInfoTest.InfoTaskStatsZeroSizedBufferIsTooSmall                                              FAILED
Thread.SuspendAfterDeath                                                                            OK
ThreadGetInfoTest.InfoHandleBasicBadActualgIsInvalidArg                                             OK
ThreadGetInfoTest.InfoHandleBasicBadAvailIsInvalidArg                                               OK
ThreadGetInfoTest.InfoHandleBasicInvalidBufferPointerFails                                          OK
ThreadGetInfoTest.InfoHandleBasicInvalidHandleFails                                                 OK
ThreadGetInfoTest.InfoHandleBasicNullActualAndAvailSucceeds                                         OK
ThreadGetInfoTest.InfoHandleBasicNullActualSucceeds                                                 OK
ThreadGetInfoTest.InfoHandleBasicNullAvailSucceeds                                                  OK
ThreadGetInfoTest.InfoHandleBasicOnSelfSuceeds                                                      OK
ThreadGetInfoTest.InfoHandleBasicZeroSizedBufferFails                                               FAILED
ThreadGetInfoTest.InfoHandleCountBadActualgIsInvalidArg                                             OK
ThreadGetInfoTest.InfoHandleCountBadAvailIsInvalidArg                                               OK
ThreadGetInfoTest.InfoHandleCountInvalidBufferPointerFails                                          OK
ThreadGetInfoTest.InfoHandleCountInvalidHandleFails                                                 OK
ThreadGetInfoTest.InfoHandleCountNullActualAndAvailSucceeds                                         OK
ThreadGetInfoTest.InfoHandleCountNullActualSucceeds                                                 OK
ThreadGetInfoTest.InfoHandleCountNullAvailSucceeds                                                  OK
ThreadGetInfoTest.InfoHandleCountOnSelfSuceeds                                                      OK
ThreadGetInfoTest.InfoHandleCountZeroSizedBufferFails                                               FAILED
ThreadGetInfoTest.InfoThreadBadActualgIsInvalidArg                                                  OK
ThreadGetInfoTest.InfoThreadBadAvailIsInvalidArg                                                    OK
ThreadGetInfoTest.InfoThreadExceptionReportInvalidHandleFails                                       OK
ThreadGetInfoTest.InfoThreadInvalidBufferPointerFails                                               OK
ThreadGetInfoTest.InfoThreadInvalidHandleFails                                                      OK
ThreadGetInfoTest.InfoThreadJobHandleIsBadHandle                                                    OK
ThreadGetInfoTest.InfoThreadNullActualAndAvailSucceeds                                              OK
ThreadGetInfoTest.InfoThreadNullActualSucceeds                                                      OK
ThreadGetInfoTest.InfoThreadNullAvailSucceeds                                                       OK
ThreadGetInfoTest.InfoThreadOnSelfSuceeds                                                           OK
ThreadGetInfoTest.InfoThreadProcessHandleIsBadHandle                                                OK
ThreadGetInfoTest.InfoThreadStatsBadActualgIsInvalidArg                                             FAILED
ThreadGetInfoTest.InfoThreadStatsBadAvailIsInvalidArg                                               FAILED
ThreadGetInfoTest.InfoThreadStatsInvalidBufferPointerFails                                          FAILED
ThreadGetInfoTest.InfoThreadStatsInvalidHandleFails                                                 FAILED
ThreadGetInfoTest.InfoThreadStatsJobHandleIsBadHandle                                               FAILED
ThreadGetInfoTest.InfoThreadStatsNullActualAndAvailSucceeds                                         FAILED
ThreadGetInfoTest.InfoThreadStatsNullActualSucceeds                                                 FAILED
ThreadGetInfoTest.InfoThreadStatsNullAvailSucceeds                                                  FAILED
ThreadGetInfoTest.InfoThreadStatsOnSelfSuceeds                                                      FAILED
ThreadGetInfoTest.InfoThreadStatsProcessHandleIsBadHandle                                           FAILED
ThreadGetInfoTest.InfoThreadStatsZeroSizedBufferFails                                               FAILED
ThreadGetInfoTest.InfoThreadZeroSizedBufferFails                                                    FAILED
Threads.Basics                                                                                      OK
Threads.DebugRegistersValidation                                                                    TIMEOUT
Threads.Detach                                                                                      OK
Threads.EmptyNameSucceeds                                                                           OK
Threads.GetAffinity                                                                                 FAILED
Threads.GetInfoRuntime                                                                              FAILED
Threads.GetLastScheduledCpu                                                                         FAILED
Threads.InfoTaskStatsFails                                                                          OK
Threads.InfoThreadStatsFails                                                                        FAILED
Threads.InvalidRights                                                                               OK
Threads.KillSuspendedThread                                                                         TIMEOUT
Threads.LongNameSucceeds                                                                            OK
Threads.NoncanonicalRipAddressIRETQ                                                                 TIMEOUT
Threads.NoncanonicalRipAddressSyscall                                                               FAILED
Threads.NonstartedThread                                                                            OK
Threads.ReadingFpRegisterState                                                                      TIMEOUT
Threads.ReadingGeneralRegisterState                                                                 TIMEOUT
Threads.ReadingVectorRegisterState                                                                  TIMEOUT
Threads.ResumeSuspended                                                                             OK
Threads.StartSuspendedAndResumedThread                                                              TIMEOUT
Threads.StartSuspendedThread                                                                        FAILED
Threads.SuspendChannelCall                                                                          OK
Threads.SuspendMultiple                                                                             FAILED
Threads.SuspendPortCall                                                                             OK
Threads.SuspendRepeatingWaitAsyncSignalDelivery                                                     FAILED
Threads.SuspendSelf                                                                                 OK
Threads.SuspendSingleWaitAsyncSignalDelivery                                                        FAILED
Threads.SuspendSleeping                                                                             TIMEOUT
Threads.SuspendStopsThread                                                                          TIMEOUT
Threads.ThreadLocalRegisterState                                                                    TIMEOUT
Threads.ThreadStartOnInitialThread                                                                  OK
Threads.ThreadStartWithZeroInstructionPointer                                                       FAILED
Threads.WriteReadDebugRegisterState                                                                 TIMEOUT
Threads.WriteThreadStateWithInvalidMxcsrIsInvalidArgs                                               TIMEOUT
Threads.WritingArmFlagsRegister                                                                     OK
Threads.WritingFpRegisterState                                                                      TIMEOUT
Threads.WritingGeneralRegisterState                                                                 TIMEOUT
Threads.WritingSingleStepState                                                                      TIMEOUT
Threads.WritingVectorRegisterState                                                                  TIMEOUT
Threads.WritingVectorRegisterState_UnsupportedFieldsIgnored                                         TIMEOUT
Threads.X86AcFlagUserCopy                                                                           TIMEOUT
TicksTest.ElapsedTimeUsingTicks                                                                     OK
VersionTest.CXX14StdString                                                                          OK
VersionTest.StdString                                                                               OK
VersionTest.StdStringView                                                                           OK
VersionTest.ZxStringView                                                                            OK
Vmar.AlignmentVmarAllocateTest                                                                      FAILED
Vmar.AlignmentVmarMapTest                                                                           FAILED
Vmar.AllocateOobTest                                                                                OK
Vmar.AllocateUnsatisfiableTest                                                                      OK
Vmar.AllowFaultsTest                                                                                OK
Vmar.BasicAllocateTest                                                                              OK
Vmar.ConcurrentUnmapReadMemory                                                                      OK
Vmar.DestroyTest                                                                                    OK
Vmar.DestroyedVmarTest                                                                              OK
Vmar.InvalidArgsTest                                                                                FAILED
Vmar.MapInCompactTest                                                                               OK
Vmar.MapInUppderLimitTest                                                                           FAILED
Vmar.MapOverDestroyedTest                                                                           OK
Vmar.MapSpecificOverwriteTest                                                                       FAILED
Vmar.NestedRegionPermsTest                                                                          FAILED
Vmar.ObjectInfoTest                                                                                 OK
Vmar.OvermappingTest                                                                                FAILED
Vmar.PartialUnmapAndRead                                                                            OK
Vmar.PartialUnmapAndWrite                                                                           OK
Vmar.PartialUnmapWithVmarOffset                                                                     OK
Vmar.ProtectLargeUncomittedTest                                                                     FAILED
Vmar.ProtectMultipleTest                                                                            OK
Vmar.ProtectOverDemandPagedTest                                                                     FAILED
Vmar.ProtectSplitTest                                                                               OK
Vmar.ProtectTest                                                                                    OK
Vmar.RangeOpCommitVmoPages                                                                          FAILED
Vmar.RangeOpMapRange                                                                                FAILED
Vmar.RightsDropTest                                                                                 OK
Vmar.UnalignedLenMapTest                                                                            OK
Vmar.UnalignedLenTest                                                                               OK
Vmar.UnmapBaseNotMappedTest                                                                         OK
Vmar.UnmapLargeUncommittedTest                                                                      FAILED
Vmar.UnmapMultipleTest                                                                              OK
Vmar.UnmapSplitTest                                                                                 OK
Vmar.VmarMapRangeOffsetTest                                                                         OK
VmarGetInfoTest.InfoHandleBasicBadActualgIsInvalidArg                                               OK
VmarGetInfoTest.InfoHandleBasicBadAvailIsInvalidArg                                                 OK
VmarGetInfoTest.InfoHandleBasicInvalidBufferPointerFails                                            OK
VmarGetInfoTest.InfoHandleBasicInvalidHandleFails                                                   OK
VmarGetInfoTest.InfoHandleBasicNullActualAndAvailSucceeds                                           OK
VmarGetInfoTest.InfoHandleBasicNullActualSucceeds                                                   OK
VmarGetInfoTest.InfoHandleBasicNullAvailSucceeds                                                    OK
VmarGetInfoTest.InfoHandleBasicOnSelfSuceeds                                                        OK
VmarGetInfoTest.InfoHandleBasicZeroSizedBufferFails                                                 FAILED
VmarGetInfoTest.InfoVmarBadActualgIsInvalidArg                                                      OK
VmarGetInfoTest.InfoVmarBadAvailIsInvalidArg                                                        OK
VmarGetInfoTest.InfoVmarInvalidBufferPointerFails                                                   OK
VmarGetInfoTest.InfoVmarInvalidHandleFails                                                          OK
VmarGetInfoTest.InfoVmarJobHandleIsBadHandle                                                        OK
VmarGetInfoTest.InfoVmarNullActualAndAvailSucceeds                                                  OK
VmarGetInfoTest.InfoVmarNullActualSucceeds                                                          OK
VmarGetInfoTest.InfoVmarNullAvailSucceeds                                                           OK
VmarGetInfoTest.InfoVmarOnSelfFails                                                                 OK
VmarGetInfoTest.InfoVmarProcessHandleIsBadHandle                                                    OK
VmarGetInfoTest.InfoVmarThreadHandleIsBadHandle                                                     OK
VmarGetInfoTest.InfoVmarZeroSizedBufferFails                                                        FAILED
VmoClone2TestCase.Children                                                                          OK
VmoClone2TestCase.CloneVmarWrite                                                                    OK
VmoClone2TestCase.CloneVmoWrite                                                                     OK
VmoClone2TestCase.CloseClone                                                                        OK
VmoClone2TestCase.CloseOriginal                                                                     OK
VmoClone2TestCase.DisjointCloneProgressive                                                          OK
VmoClone2TestCase.DisjointCloneTest2                                                                OK
VmoClone2TestCase.ForbidContiguousVmo                                                               OK
VmoClone2TestCase.Info                                                                              OK
VmoClone2TestCase.ManyChildren                                                                      OK
VmoClone2TestCase.ManyChildrenRevClose                                                              OK
VmoClone2TestCase.ManyCloneMapping                                                                  OK
VmoClone2TestCase.ManyCloneMappingOffset                                                            FAILED
VmoClone2TestCase.ManyCloneOffset                                                                   OK
VmoClone2TestCase.NoPhysical                                                                        FAILED
VmoClone2TestCase.NoSnapshotPager                                                                   FAILED
VmoClone2TestCase.ObjMemAccounting                                                                  OK
VmoClone2TestCase.Offset                                                                            OK
VmoClone2TestCase.OffsetProgressiveWrite                                                            OK
VmoClone2TestCase.OffsetTest2                                                                       OK
VmoClone2TestCase.OutOfBounds                                                                       OK
VmoClone2TestCase.Overflow                                                                          OK
VmoClone2TestCase.ParentStartLimitRegression                                                        OK
VmoClone2TestCase.ParentVmarWrite                                                                   FAILED
VmoClone2TestCase.ParentVmoWrite                                                                    OK
VmoClone2TestCase.PinBeforeCreateFailure                                                            OK
VmoClone2TestCase.PinClonePages                                                                     OK
VmoClone2TestCase.Read                                                                              OK
VmoClone2TestCase.ResizeDisjointChild                                                               OK
VmoClone2TestCase.ResizeGrow                                                                        OK
VmoClone2TestCase.ResizeMultipleProgressive                                                         OK
VmoClone2TestCase.ResizeOffsetChild                                                                 OK
VmoClone2TestCase.ResizeOverSiblingRange                                                            OK
VmoClone2TestCase.SmallClone                                                                        OK
VmoClone2TestCase.SmallCloneChild                                                                   OK
VmoClone2TestCase.SmallClones                                                                       OK
VmoClone2TestCase.SplitPageClosure                                                                  OK
VmoClone2TestCase.Uncached                                                                          OK
VmoClone2TestCase.ZeroPageWrite                                                                     OK
VmoCloneDisjointClonesTests.DisjointCloneEarlyClose                                                 OK
VmoCloneDisjointClonesTests.DisjointCloneLateClose                                                  OK
VmoCloneResizeTests.ResizeChild                                                                     OK
VmoCloneResizeTests.ResizeOriginal                                                                  OK
VmoCloneTestCase.Commit                                                                             FAILED
VmoCloneTestCase.Decommit                                                                           OK
VmoCloneTestCase.NameProperty                                                                       OK
VmoCloneTestCase.NoResize                                                                           OK
VmoCloneTestCase.Rights                                                                             OK
VmoCloneTestCase.SizeAlign                                                                          OK
VmoSignalTestCase.ChildSignalClone                                                                  OK
VmoSignalTestCase.ChildSignalMap                                                                    OK
VmoSignalTestCase.SignalSanity                                                                      OK
VmoSliceTestCase.ChildSliceOfContiguousParentIsContiguous                                           OK
VmoSliceTestCase.CommitChild                                                                        OK
VmoSliceTestCase.CowPageSourceThroughSlices                                                         OK
VmoSliceTestCase.DecommitChild                                                                      OK
VmoSliceTestCase.DecommitParent                                                                     OK
VmoSliceTestCase.Nested                                                                             OK
VmoSliceTestCase.NonResizable                                                                       OK
VmoSliceTestCase.NonSlice                                                                           OK
VmoSliceTestCase.NotCoWType                                                                         OK
VmoSliceTestCase.Pin                                                                                FAILED
VmoSliceTestCase.RoundUpSize                                                                        OK
VmoSliceTestCase.RoundUpSizePhysical                                                                OK
VmoSliceTestCase.WriteThrough                                                                       OK
VmoSliceTestCase.ZeroChildren                                                                       OK
VmoSliceTestCase.ZeroChildrenGrandchildClosedLast                                                   OK
VmoSliceTestCase.ZeroSized                                                                          OK
VmoTestCase.Cache                                                                                   FAILED
VmoTestCase.CacheFlush                                                                              FAILED
VmoTestCase.CacheOp                                                                                 TIMEOUT
VmoTestCase.Commit                                                                                  FAILED
VmoTestCase.CompressedContiguous                                                                    FAILED
VmoTestCase.ContentSize                                                                             OK
VmoTestCase.Create                                                                                  OK
VmoTestCase.DecommitChildSliceTests                                                                 FAILED
VmoTestCase.DecommitMisaligned                                                                      FAILED
VmoTestCase.Info                                                                                    FAILED
VmoTestCase.Map                                                                                     OK
VmoTestCase.MapRead                                                                                 OK
VmoTestCase.NoPermMap                                                                               FAILED
VmoTestCase.NoPermProtect                                                                           FAILED
VmoTestCase.NoResize                                                                                OK
VmoTestCase.ParallelRead                                                                            OK
VmoTestCase.PhysicalSlice                                                                           FAILED
VmoTestCase.PinTests                                                                                FAILED
VmoTestCase.ReadOnlyMap                                                                             FAILED
VmoTestCase.ReadWrite                                                                               OK
VmoTestCase.ReadWriteBadLen                                                                         OK
VmoTestCase.ReadWriteRange                                                                          OK
VmoTestCase.Resize                                                                                  OK
VmoTestCase.ResizeAlign                                                                             OK
VmoTestCase.ResizeHazard                                                                            FAILED
VmoTestCase.Rights                                                                                  FAILED
VmoTestCase.SizeAlign                                                                               OK
VmoTestCase.UncachedContiguous                                                                      OK
VmoTestCase.ZeroPage                                                                                OK
VmoZeroTestCase.AllocateAfterMerge                                                                  OK
VmoZeroTestCase.AllocateAfterMergeHiddenChild                                                       OK
VmoZeroTestCase.ChildZeroThenWrite                                                                  OK
VmoZeroTestCase.ContentInParentAndChild                                                             OK
VmoZeroTestCase.Contiguous                                                                          OK
VmoZeroTestCase.DecommitMiddle                                                                      OK
VmoZeroTestCase.EmptyCowChildren                                                                    OK
VmoZeroTestCase.MergeZeroChildren                                                                   OK
VmoZeroTestCase.Nested                                                                              OK
VmoZeroTestCase.ResizeOverHiddenMarkers                                                             OK
VmoZeroTestCase.UnalignedCommitted                                                                  OK
VmoZeroTestCase.UnalignedSubPage                                                                    OK
VmoZeroTestCase.UnalignedUnCommitted                                                                OK
VmoZeroTestCase.WriteCowParent                                                                      OK
VmoZeroTestCase.ZeroLengths                                                                         OK
VmoZeroTestcase.ZeroFreesAndAllocates                                                               OK
