/libc-test/src/functional/argv-static.exe                                           OK
/libc-test/src/functional/argv.exe                                                  OK
/libc-test/src/functional/basename-static.exe                                       OK
/libc-test/src/functional/basename.exe                                              OK
/libc-test/src/functional/clocale_mbfuncs-static.exe                                FAILED
/libc-test/src/functional/clocale_mbfuncs.exe                                       FAILED
/libc-test/src/functional/clock_gettime-static.exe                                  OK
/libc-test/src/functional/clock_gettime.exe                                         OK
/libc-test/src/functional/crypt-static.exe                                          OK
/libc-test/src/functional/crypt.exe                                                 OK
/libc-test/src/functional/dirname-static.exe                                        OK
/libc-test/src/functional/dirname.exe                                               OK
/libc-test/src/functional/dlopen.exe                                                OK
/libc-test/src/functional/env-static.exe                                            OK
/libc-test/src/functional/env.exe                                                   OK
/libc-test/src/functional/fcntl-static.exe                                          FAILED
/libc-test/src/functional/fcntl.exe                                                 FAILED
/libc-test/src/functional/fdopen-static.exe                                         OK
/libc-test/src/functional/fdopen.exe                                                OK
/libc-test/src/functional/fnmatch-static.exe                                        OK
/libc-test/src/functional/fnmatch.exe                                               OK
/libc-test/src/functional/fscanf-static.exe                                         OK
/libc-test/src/functional/fscanf.exe                                                OK
/libc-test/src/functional/fwscanf-static.exe                                        OK
/libc-test/src/functional/fwscanf.exe                                               OK
/libc-test/src/functional/iconv_open-static.exe                                     OK
/libc-test/src/functional/iconv_open.exe                                            OK
/libc-test/src/functional/inet_pton-static.exe                                      OK
/libc-test/src/functional/inet_pton.exe                                             OK
/libc-test/src/functional/ipc_msg-static.exe                                        FAILED
/libc-test/src/functional/ipc_msg.exe                                               FAILED
/libc-test/src/functional/ipc_sem-static.exe                                        PARTIAL
/libc-test/src/functional/ipc_sem.exe                                               PARTIAL
/libc-test/src/functional/ipc_shm-static.exe                                        TIMEOUT
/libc-test/src/functional/ipc_shm.exe                                               TIMEOUT
/libc-test/src/functional/mbc-static.exe                                            OK
/libc-test/src/functional/mbc.exe                                                   OK
/libc-test/src/functional/memstream-static.exe                                      OK
/libc-test/src/functional/memstream.exe                                             OK
/libc-test/src/functional/popen-static.exe                                          TIMEOUT
/libc-test/src/functional/popen.exe                                                 TIMEOUT
/libc-test/src/functional/pthread_cancel-points-static.exe                          OK
/libc-test/src/functional/pthread_cancel-points.exe                                 OK
/libc-test/src/functional/pthread_cancel-static.exe                                 FAILED
/libc-test/src/functional/pthread_cancel.exe                                        FAILED
/libc-test/src/functional/pthread_cond-static.exe                                   OK
/libc-test/src/functional/pthread_cond.exe                                          OK
/libc-test/src/functional/pthread_mutex-static.exe                                  TIMEOUT
/libc-test/src/functional/pthread_mutex.exe                                         TIMEOUT
/libc-test/src/functional/pthread_mutex_pi-static.exe                               TIMEOUT
/libc-test/src/functional/pthread_mutex_pi.exe                                      TIMEOUT
/libc-test/src/functional/pthread_robust-static.exe                                 FAILED
/libc-test/src/functional/pthread_robust.exe                                        FAILED
/libc-test/src/functional/pthread_tsd-static.exe                                    OK
/libc-test/src/functional/pthread_tsd.exe                                           OK
/libc-test/src/functional/qsort-static.exe                                          OK
/libc-test/src/functional/qsort.exe                                                 OK
/libc-test/src/functional/random-static.exe                                         OK
/libc-test/src/functional/random.exe                                                OK
/libc-test/src/functional/search_hsearch-static.exe                                 OK
/libc-test/src/functional/search_hsearch.exe                                        OK
/libc-test/src/functional/search_insque-static.exe                                  OK
/libc-test/src/functional/search_insque.exe                                         OK
/libc-test/src/functional/search_lsearch-static.exe                                 OK
/libc-test/src/functional/search_lsearch.exe                                        OK
/libc-test/src/functional/search_tsearch-static.exe                                 OK
/libc-test/src/functional/search_tsearch.exe                                        OK
/libc-test/src/functional/sem_init-static.exe                                       OK
/libc-test/src/functional/sem_init.exe                                              OK
/libc-test/src/functional/sem_open-static.exe                                       FAILED
/libc-test/src/functional/sem_open.exe                                              FAILED
/libc-test/src/functional/setjmp-static.exe                                         OK
/libc-test/src/functional/setjmp.exe                                                OK
/libc-test/src/functional/snprintf-static.exe                                       OK
/libc-test/src/functional/snprintf.exe                                              OK
/libc-test/src/functional/socket-static.exe                                         FAILED
/libc-test/src/functional/socket.exe                                                FAILED
/libc-test/src/functional/spawn-static.exe                                          TIMEOUT
/libc-test/src/functional/spawn.exe                                                 TIMEOUT
/libc-test/src/functional/sscanf-static.exe                                         OK
/libc-test/src/functional/sscanf.exe                                                OK
/libc-test/src/functional/sscanf_long-static.exe                                    FAILED
/libc-test/src/functional/sscanf_long.exe                                           FAILED
/libc-test/src/functional/stat-static.exe                                           OK
/libc-test/src/functional/stat.exe                                                  OK
/libc-test/src/functional/strftime-static.exe                                       OK
/libc-test/src/functional/strftime.exe                                              OK
/libc-test/src/functional/string-static.exe                                         OK
/libc-test/src/functional/string.exe                                                OK
/libc-test/src/functional/string_memcpy-static.exe                                  OK
/libc-test/src/functional/string_memcpy.exe                                         OK
/libc-test/src/functional/string_memmem-static.exe                                  OK
/libc-test/src/functional/string_memmem.exe                                         OK
/libc-test/src/functional/string_memset-static.exe                                  OK
/libc-test/src/functional/string_memset.exe                                         OK
/libc-test/src/functional/string_strchr-static.exe                                  OK
/libc-test/src/functional/string_strchr.exe                                         OK
/libc-test/src/functional/string_strcspn-static.exe                                 OK
/libc-test/src/functional/string_strcspn.exe                                        OK
/libc-test/src/functional/string_strstr-static.exe                                  OK
/libc-test/src/functional/string_strstr.exe                                         OK
/libc-test/src/functional/strptime-static.exe                                       OK
/libc-test/src/functional/strptime.exe                                              OK
/libc-test/src/functional/strtod-static.exe                                         OK
/libc-test/src/functional/strtod.exe                                                OK
/libc-test/src/functional/strtod_long-static.exe                                    OK
/libc-test/src/functional/strtod_long.exe                                           OK
/libc-test/src/functional/strtod_simple-static.exe                                  OK
/libc-test/src/functional/strtod_simple.exe                                         OK
/libc-test/src/functional/strtof-static.exe                                         OK
/libc-test/src/functional/strtof.exe                                                OK
/libc-test/src/functional/strtol-static.exe                                         OK
/libc-test/src/functional/strtol.exe                                                OK
/libc-test/src/functional/strtold-static.exe                                        OK
/libc-test/src/functional/strtold.exe                                               OK
/libc-test/src/functional/swprintf-static.exe                                       OK
/libc-test/src/functional/swprintf.exe                                              OK
/libc-test/src/functional/tgmath-static.exe                                         OK
/libc-test/src/functional/tgmath.exe                                                OK
/libc-test/src/functional/time-static.exe                                           OK
/libc-test/src/functional/time.exe                                                  OK
/libc-test/src/functional/tls_align-static.exe                                      OK
/libc-test/src/functional/tls_align.exe                                             FAILED
/libc-test/src/functional/tls_align_dlopen.exe                                      FAILED
/libc-test/src/functional/tls_init-static.exe                                       TIMEOUT
/libc-test/src/functional/tls_init.exe                                              OK
/libc-test/src/functional/tls_init_dlopen.exe                                       FAILED
/libc-test/src/functional/tls_local_exec-static.exe                                 TIMEOUT
/libc-test/src/functional/tls_local_exec.exe                                        OK
/libc-test/src/functional/udiv-static.exe                                           OK
/libc-test/src/functional/udiv.exe                                                  OK
/libc-test/src/functional/ungetc-static.exe                                         OK
/libc-test/src/functional/ungetc.exe                                                OK
/libc-test/src/functional/utime-static.exe                                          OK
/libc-test/src/functional/utime.exe                                                 OK
/libc-test/src/functional/vfork-static.exe                                          FAILED
/libc-test/src/functional/vfork.exe                                                 FAILED
/libc-test/src/functional/wcsstr-static.exe                                         OK
/libc-test/src/functional/wcsstr.exe                                                OK
/libc-test/src/functional/wcstol-static.exe                                         OK
/libc-test/src/functional/wcstol.exe                                                OK
/libc-test/src/math/acos.exe                                                        OK
/libc-test/src/math/acosf.exe                                                       OK
/libc-test/src/math/acosh.exe                                                       OK
/libc-test/src/math/acoshf.exe                                                      OK
/libc-test/src/math/acoshl.exe                                                      OK
/libc-test/src/math/acosl.exe                                                       OK
/libc-test/src/math/asin.exe                                                        OK
/libc-test/src/math/asinf.exe                                                       OK
/libc-test/src/math/asinh.exe                                                       OK
/libc-test/src/math/asinhf.exe                                                      OK
/libc-test/src/math/asinhl.exe                                                      OK
/libc-test/src/math/asinl.exe                                                       OK
/libc-test/src/math/atan.exe                                                        OK
/libc-test/src/math/atan2.exe                                                       OK
/libc-test/src/math/atan2f.exe                                                      OK
/libc-test/src/math/atan2l.exe                                                      OK
/libc-test/src/math/atanf.exe                                                       OK
/libc-test/src/math/atanh.exe                                                       OK
/libc-test/src/math/atanhf.exe                                                      OK
/libc-test/src/math/atanhl.exe                                                      OK
/libc-test/src/math/atanl.exe                                                       OK
/libc-test/src/math/cbrt.exe                                                        OK
/libc-test/src/math/cbrtf.exe                                                       OK
/libc-test/src/math/cbrtl.exe                                                       OK
/libc-test/src/math/ceil.exe                                                        OK
/libc-test/src/math/ceilf.exe                                                       OK
/libc-test/src/math/ceill.exe                                                       OK
/libc-test/src/math/copysign.exe                                                    OK
/libc-test/src/math/copysignf.exe                                                   OK
/libc-test/src/math/copysignl.exe                                                   OK
/libc-test/src/math/cos.exe                                                         OK
/libc-test/src/math/cosf.exe                                                        OK
/libc-test/src/math/cosh.exe                                                        OK
/libc-test/src/math/coshf.exe                                                       OK
/libc-test/src/math/coshl.exe                                                       OK
/libc-test/src/math/cosl.exe                                                        OK
/libc-test/src/math/drem.exe                                                        OK
/libc-test/src/math/dremf.exe                                                       OK
/libc-test/src/math/erf.exe                                                         OK
/libc-test/src/math/erfc.exe                                                        OK
/libc-test/src/math/erfcf.exe                                                       OK
/libc-test/src/math/erfcl.exe                                                       OK
/libc-test/src/math/erff.exe                                                        OK
/libc-test/src/math/erfl.exe                                                        OK
/libc-test/src/math/exp.exe                                                         OK
/libc-test/src/math/exp10.exe                                                       OK
/libc-test/src/math/exp10f.exe                                                      OK
/libc-test/src/math/exp10l.exe                                                      OK
/libc-test/src/math/exp2.exe                                                        OK
/libc-test/src/math/exp2f.exe                                                       OK
/libc-test/src/math/exp2l.exe                                                       OK
/libc-test/src/math/expf.exe                                                        OK
/libc-test/src/math/expl.exe                                                        OK
/libc-test/src/math/expm1.exe                                                       OK
/libc-test/src/math/expm1f.exe                                                      OK
/libc-test/src/math/expm1l.exe                                                      OK
/libc-test/src/math/fabs.exe                                                        OK
/libc-test/src/math/fabsf.exe                                                       OK
/libc-test/src/math/fabsl.exe                                                       OK
/libc-test/src/math/fdim.exe                                                        OK
/libc-test/src/math/fdimf.exe                                                       OK
/libc-test/src/math/fdiml.exe                                                       OK
/libc-test/src/math/fenv.exe                                                        OK
/libc-test/src/math/floor.exe                                                       OK
/libc-test/src/math/floorf.exe                                                      OK
/libc-test/src/math/floorl.exe                                                      OK
/libc-test/src/math/fma.exe                                                         OK
/libc-test/src/math/fmaf.exe                                                        OK
/libc-test/src/math/fmal.exe                                                        OK
/libc-test/src/math/fmax.exe                                                        OK
/libc-test/src/math/fmaxf.exe                                                       OK
/libc-test/src/math/fmaxl.exe                                                       OK
/libc-test/src/math/fmin.exe                                                        OK
/libc-test/src/math/fminf.exe                                                       OK
/libc-test/src/math/fminl.exe                                                       OK
/libc-test/src/math/fmod.exe                                                        OK
/libc-test/src/math/fmodf.exe                                                       OK
/libc-test/src/math/fmodl.exe                                                       OK
/libc-test/src/math/fpclassify.exe                                                  OK
/libc-test/src/math/frexp.exe                                                       OK
/libc-test/src/math/frexpf.exe                                                      OK
/libc-test/src/math/frexpl.exe                                                      OK
/libc-test/src/math/hypot.exe                                                       OK
/libc-test/src/math/hypotf.exe                                                      OK
/libc-test/src/math/hypotl.exe                                                      OK
/libc-test/src/math/ilogb.exe                                                       OK
/libc-test/src/math/ilogbf.exe                                                      OK
/libc-test/src/math/ilogbl.exe                                                      OK
/libc-test/src/math/isless.exe                                                      OK
/libc-test/src/math/j0.exe                                                          OK
/libc-test/src/math/j0f.exe                                                         OK
/libc-test/src/math/j1.exe                                                          OK
/libc-test/src/math/j1f.exe                                                         OK
/libc-test/src/math/jn.exe                                                          OK
/libc-test/src/math/jnf.exe                                                         OK
/libc-test/src/math/ldexp.exe                                                       OK
/libc-test/src/math/ldexpf.exe                                                      OK
/libc-test/src/math/ldexpl.exe                                                      OK
/libc-test/src/math/lgamma.exe                                                      OK
/libc-test/src/math/lgamma_r.exe                                                    OK
/libc-test/src/math/lgammaf.exe                                                     OK
/libc-test/src/math/lgammaf_r.exe                                                   OK
/libc-test/src/math/lgammal.exe                                                     OK
/libc-test/src/math/lgammal_r.exe                                                   OK
/libc-test/src/math/llrint.exe                                                      OK
/libc-test/src/math/llrintf.exe                                                     OK
/libc-test/src/math/llrintl.exe                                                     OK
/libc-test/src/math/llround.exe                                                     OK
/libc-test/src/math/llroundf.exe                                                    OK
/libc-test/src/math/llroundl.exe                                                    OK
/libc-test/src/math/log.exe                                                         OK
/libc-test/src/math/log10.exe                                                       OK
/libc-test/src/math/log10f.exe                                                      OK
/libc-test/src/math/log10l.exe                                                      OK
/libc-test/src/math/log1p.exe                                                       OK
/libc-test/src/math/log1pf.exe                                                      OK
/libc-test/src/math/log1pl.exe                                                      OK
/libc-test/src/math/log2.exe                                                        OK
/libc-test/src/math/log2f.exe                                                       OK
/libc-test/src/math/log2l.exe                                                       OK
/libc-test/src/math/logb.exe                                                        OK
/libc-test/src/math/logbf.exe                                                       OK
/libc-test/src/math/logbl.exe                                                       OK
/libc-test/src/math/logf.exe                                                        OK
/libc-test/src/math/logl.exe                                                        OK
/libc-test/src/math/lrint.exe                                                       OK
/libc-test/src/math/lrintf.exe                                                      OK
/libc-test/src/math/lrintl.exe                                                      OK
/libc-test/src/math/lround.exe                                                      OK
/libc-test/src/math/lroundf.exe                                                     OK
/libc-test/src/math/lroundl.exe                                                     OK
/libc-test/src/math/modf.exe                                                        OK
/libc-test/src/math/modff.exe                                                       OK
/libc-test/src/math/modfl.exe                                                       OK
/libc-test/src/math/nearbyint.exe                                                   OK
/libc-test/src/math/nearbyintf.exe                                                  OK
/libc-test/src/math/nearbyintl.exe                                                  OK
/libc-test/src/math/nextafter.exe                                                   OK
/libc-test/src/math/nextafterf.exe                                                  OK
/libc-test/src/math/nextafterl.exe                                                  OK
/libc-test/src/math/nexttoward.exe                                                  OK
/libc-test/src/math/nexttowardf.exe                                                 OK
/libc-test/src/math/nexttowardl.exe                                                 OK
/libc-test/src/math/pow.exe                                                         OK
/libc-test/src/math/pow10.exe                                                       OK
/libc-test/src/math/pow10f.exe                                                      OK
/libc-test/src/math/pow10l.exe                                                      OK
/libc-test/src/math/powf.exe                                                        FAILED
/libc-test/src/math/powl.exe                                                        OK
/libc-test/src/math/remainder.exe                                                   OK
/libc-test/src/math/remainderf.exe                                                  OK
/libc-test/src/math/remainderl.exe                                                  OK
/libc-test/src/math/remquo.exe                                                      OK
/libc-test/src/math/remquof.exe                                                     OK
/libc-test/src/math/remquol.exe                                                     OK
/libc-test/src/math/rint.exe                                                        OK
/libc-test/src/math/rintf.exe                                                       OK
/libc-test/src/math/rintl.exe                                                       OK
/libc-test/src/math/round.exe                                                       OK
/libc-test/src/math/roundf.exe                                                      OK
/libc-test/src/math/roundl.exe                                                      OK
/libc-test/src/math/scalb.exe                                                       OK
/libc-test/src/math/scalbf.exe                                                      OK
/libc-test/src/math/scalbln.exe                                                     OK
/libc-test/src/math/scalblnf.exe                                                    OK
/libc-test/src/math/scalblnl.exe                                                    OK
/libc-test/src/math/scalbn.exe                                                      OK
/libc-test/src/math/scalbnf.exe                                                     OK
/libc-test/src/math/scalbnl.exe                                                     OK
/libc-test/src/math/sin.exe                                                         OK
/libc-test/src/math/sincos.exe                                                      OK
/libc-test/src/math/sincosf.exe                                                     OK
/libc-test/src/math/sincosl.exe                                                     OK
/libc-test/src/math/sinf.exe                                                        OK
/libc-test/src/math/sinh.exe                                                        OK
/libc-test/src/math/sinhf.exe                                                       OK
/libc-test/src/math/sinhl.exe                                                       OK
/libc-test/src/math/sinl.exe                                                        OK
/libc-test/src/math/sqrt.exe                                                        OK
/libc-test/src/math/sqrtf.exe                                                       OK
/libc-test/src/math/sqrtl.exe                                                       OK
/libc-test/src/math/tan.exe                                                         OK
/libc-test/src/math/tanf.exe                                                        OK
/libc-test/src/math/tanh.exe                                                        OK
/libc-test/src/math/tanhf.exe                                                       OK
/libc-test/src/math/tanhl.exe                                                       OK
/libc-test/src/math/tanl.exe                                                        OK
/libc-test/src/math/tgamma.exe                                                      OK
/libc-test/src/math/tgammaf.exe                                                     OK
/libc-test/src/math/tgammal.exe                                                     OK
/libc-test/src/math/trunc.exe                                                       OK
/libc-test/src/math/truncf.exe                                                      OK
/libc-test/src/math/truncl.exe                                                      OK
/libc-test/src/math/y0.exe                                                          OK
/libc-test/src/math/y0f.exe                                                         OK
/libc-test/src/math/y1.exe                                                          OK
/libc-test/src/math/y1f.exe                                                         OK
/libc-test/src/math/yn.exe                                                          OK
/libc-test/src/math/ynf.exe                                                         OK
/libc-test/src/musl/pleval-static.exe                                               OK
/libc-test/src/regression/daemon-failure-static.exe                                 OK
/libc-test/src/regression/daemon-failure.exe                                        OK
/libc-test/src/regression/dn_expand-empty-static.exe                                OK
/libc-test/src/regression/dn_expand-empty.exe                                       OK
/libc-test/src/regression/dn_expand-ptr-0-static.exe                                OK
/libc-test/src/regression/dn_expand-ptr-0.exe                                       OK
/libc-test/src/regression/execle-env-static.exe                                     PARTIAL
/libc-test/src/regression/execle-env.exe                                            PARTIAL
/libc-test/src/regression/fflush-exit-static.exe                                    OK
/libc-test/src/regression/fflush-exit.exe                                           OK
/libc-test/src/regression/fgets-eof-static.exe                                      OK
/libc-test/src/regression/fgets-eof.exe                                             OK
/libc-test/src/regression/fgetwc-buffering-static.exe                               OK
/libc-test/src/regression/fgetwc-buffering.exe                                      OK
/libc-test/src/regression/flockfile-list-static.exe                                 OK
/libc-test/src/regression/flockfile-list.exe                                        OK
/libc-test/src/regression/fpclassify-invalid-ld80-static.exe                        OK
/libc-test/src/regression/fpclassify-invalid-ld80.exe                               OK
/libc-test/src/regression/ftello-unflushed-append-static.exe                        OK
/libc-test/src/regression/ftello-unflushed-append.exe                               OK
/libc-test/src/regression/getpwnam_r-crash-static.exe                               OK
/libc-test/src/regression/getpwnam_r-crash.exe                                      OK
/libc-test/src/regression/getpwnam_r-errno-static.exe                               OK
/libc-test/src/regression/getpwnam_r-errno.exe                                      OK
/libc-test/src/regression/iconv-roundtrips-static.exe                               OK
/libc-test/src/regression/iconv-roundtrips.exe                                      OK
/libc-test/src/regression/inet_ntop-v4mapped-static.exe                             OK
/libc-test/src/regression/inet_ntop-v4mapped.exe                                    OK
/libc-test/src/regression/inet_pton-empty-last-field-static.exe                     OK
/libc-test/src/regression/inet_pton-empty-last-field.exe                            OK
/libc-test/src/regression/iswspace-null-static.exe                                  OK
/libc-test/src/regression/iswspace-null.exe                                         OK
/libc-test/src/regression/lrand48-signextend-static.exe                             OK
/libc-test/src/regression/lrand48-signextend.exe                                    OK
/libc-test/src/regression/lseek-large-static.exe                                    OK
/libc-test/src/regression/lseek-large.exe                                           OK
/libc-test/src/regression/malloc-0-static.exe                                       OK
/libc-test/src/regression/malloc-0.exe                                              OK
/libc-test/src/regression/malloc-brk-fail-static.exe                                FAILED
/libc-test/src/regression/malloc-brk-fail.exe                                       FAILED
/libc-test/src/regression/malloc-oom-static.exe                                     FAILED
/libc-test/src/regression/malloc-oom.exe                                            FAILED
/libc-test/src/regression/mbsrtowcs-overflow-static.exe                             OK
/libc-test/src/regression/mbsrtowcs-overflow.exe                                    OK
/libc-test/src/regression/memmem-oob-read-static.exe                                OK
/libc-test/src/regression/memmem-oob-read.exe                                       OK
/libc-test/src/regression/memmem-oob-static.exe                                     OK
/libc-test/src/regression/memmem-oob.exe                                            OK
/libc-test/src/regression/mkdtemp-failure-static.exe                                OK
/libc-test/src/regression/mkdtemp-failure.exe                                       OK
/libc-test/src/regression/mkstemp-failure-static.exe                                OK
/libc-test/src/regression/mkstemp-failure.exe                                       OK
/libc-test/src/regression/printf-1e9-oob-static.exe                                 OK
/libc-test/src/regression/printf-1e9-oob.exe                                        OK
/libc-test/src/regression/printf-fmt-g-round-static.exe                             OK
/libc-test/src/regression/printf-fmt-g-round.exe                                    OK
/libc-test/src/regression/printf-fmt-g-zeros-static.exe                             OK
/libc-test/src/regression/printf-fmt-g-zeros.exe                                    OK
/libc-test/src/regression/printf-fmt-n-static.exe                                   OK
/libc-test/src/regression/printf-fmt-n.exe                                          OK
/libc-test/src/regression/pthread-robust-detach-static.exe                          OK
/libc-test/src/regression/pthread-robust-detach.exe                                 OK
/libc-test/src/regression/pthread_atfork-errno-clobber-static.exe                   FAILED
/libc-test/src/regression/pthread_atfork-errno-clobber.exe                          FAILED
/libc-test/src/regression/pthread_cancel-sem_wait-static.exe                        OK
/libc-test/src/regression/pthread_cancel-sem_wait.exe                               PARTIAL 
/libc-test/src/regression/pthread_cond-smasher-static.exe                           OK
/libc-test/src/regression/pthread_cond-smasher.exe                                  OK
/libc-test/src/regression/pthread_cond_wait-cancel_ignored-static.exe               TIMEOUT
/libc-test/src/regression/pthread_cond_wait-cancel_ignored.exe                      TIMEOUT
/libc-test/src/regression/pthread_condattr_setclock-static.exe                      OK
/libc-test/src/regression/pthread_condattr_setclock.exe                             OK
/libc-test/src/regression/pthread_create-oom-static.exe                             FAILED
/libc-test/src/regression/pthread_create-oom.exe                                    FAILED
/libc-test/src/regression/pthread_exit-cancel-static.exe                            OK
/libc-test/src/regression/pthread_exit-cancel.exe                                   OK
/libc-test/src/regression/pthread_exit-dtor-static.exe                              FAILED
/libc-test/src/regression/pthread_exit-dtor.exe                                     FAILED
/libc-test/src/regression/pthread_once-deadlock-static.exe                          OK
/libc-test/src/regression/pthread_once-deadlock.exe                                 OK
/libc-test/src/regression/pthread_rwlock-ebusy-static.exe                           OK
/libc-test/src/regression/pthread_rwlock-ebusy.exe                                  OK
/libc-test/src/regression/putenv-doublefree-static.exe                              OK
/libc-test/src/regression/putenv-doublefree.exe                                     OK
/libc-test/src/regression/raise-race-static.exe                                     TIMEOUT
/libc-test/src/regression/raise-race.exe                                            TIMEOUT
/libc-test/src/regression/regex-backref-0-static.exe                                OK
/libc-test/src/regression/regex-backref-0.exe                                       OK
/libc-test/src/regression/regex-bracket-icase-static.exe                            OK
/libc-test/src/regression/regex-bracket-icase.exe                                   OK
/libc-test/src/regression/regex-ere-backref-static.exe                              OK
/libc-test/src/regression/regex-ere-backref.exe                                     OK
/libc-test/src/regression/regex-escaped-high-byte-static.exe                        OK
/libc-test/src/regression/regex-escaped-high-byte.exe                               OK
/libc-test/src/regression/regex-negated-range-static.exe                            OK
/libc-test/src/regression/regex-negated-range.exe                                   OK
/libc-test/src/regression/regexec-nosub-static.exe                                  OK
/libc-test/src/regression/regexec-nosub.exe                                         OK
/libc-test/src/regression/rewind-clear-error-static.exe                             OK
/libc-test/src/regression/rewind-clear-error.exe                                    OK
/libc-test/src/regression/rlimit-open-files-static.exe                              OK
/libc-test/src/regression/rlimit-open-files.exe                                     OK
/libc-test/src/regression/scanf-bytes-consumed-static.exe                           OK
/libc-test/src/regression/scanf-bytes-consumed.exe                                  OK
/libc-test/src/regression/scanf-match-literal-eof-static.exe                        OK
/libc-test/src/regression/scanf-match-literal-eof.exe                               OK
/libc-test/src/regression/scanf-nullbyte-char-static.exe                            OK
/libc-test/src/regression/scanf-nullbyte-char.exe                                   OK
/libc-test/src/regression/sem_close-unmap-static.exe                                FAILED
/libc-test/src/regression/sem_close-unmap.exe                                       FAILED
/libc-test/src/regression/setenv-oom-static.exe                                     FAILED
/libc-test/src/regression/setenv-oom.exe                                            FAILED
/libc-test/src/regression/setvbuf-unget-static.exe                                  OK
/libc-test/src/regression/setvbuf-unget.exe                                         OK
/libc-test/src/regression/sigaltstack-static.exe                                    FAILED
/libc-test/src/regression/sigaltstack.exe                                           FAILED
/libc-test/src/regression/sigprocmask-internal-static.exe                           OK
/libc-test/src/regression/sigprocmask-internal.exe                                  OK
/libc-test/src/regression/sigreturn-static.exe                                      FAILED
/libc-test/src/regression/sigreturn.exe                                             FAILED
/libc-test/src/regression/sscanf-eof-static.exe                                     OK
/libc-test/src/regression/sscanf-eof.exe                                            OK
/libc-test/src/regression/statvfs-static.exe                                        OK
/libc-test/src/regression/statvfs.exe                                               OK
/libc-test/src/regression/strverscmp-static.exe                                     OK
/libc-test/src/regression/strverscmp.exe                                            OK
/libc-test/src/regression/syscall-sign-extend-static.exe                            OK
/libc-test/src/regression/syscall-sign-extend.exe                                   OK
/libc-test/src/regression/tls_get_new-dtv.exe                                       OK
/libc-test/src/regression/uselocale-0-static.exe                                    OK
/libc-test/src/regression/uselocale-0.exe                                           OK
/libc-test/src/regression/wcsncpy-read-overflow-static.exe                          OK
/libc-test/src/regression/wcsncpy-read-overflow.exe                                 OK
/libc-test/src/regression/wcsstr-false-negative-static.exe                          OK
/libc-test/src/regression/wcsstr-false-negative.exe                                 OK
